<?xml version="1.0" encoding="UTF-8"?>
<!-- Generated by org.testng.reporters.JUnitReportReporter -->
<testsuite hostname="DESKTOP-5TKH0C5" failures="0" tests="4" name="testng.TestNGDemo2" time="0.024" errors="0" timestamp="2024-01-18T06:09:24 IST" skipped="0">
  <testcase classname="testng.TestNGDemo2" name="computer" time="0.014"/>
  <system-out/>
  <testcase classname="testng.TestNGDemo2" name="Geomentry" time="0.004"/>
  <system-out/>
  <testcase classname="testng.TestNGDemo2" name="science" time="0.002"/>
  <system-out/>
  <testcase classname="testng.TestNGDemo2" name="math" time="0.004"/>
  <system-out/>
</testsuite> <!-- testng.TestNGDemo2 -->
