<?xml version="1.0" encoding="UTF-8"?>
<!-- Generated by org.testng.reporters.JUnitReportReporter -->
<testsuite hostname="DESKTOP-5TKH0C5" failures="0" tests="2" name="testng.TestNgGroups" time="0.021" errors="0" timestamp="2024-01-18T15:31:17 IST" skipped="0">
  <testcase classname="testng.TestNgGroups" name="validlogin2" time="0.002"/>
  <system-out/>
  <testcase classname="testng.TestNgGroups" name="validlogin" time="0.019"/>
  <system-out/>
</testsuite> <!-- testng.TestNgGroups -->
