<?xml version="1.0" encoding="UTF-8"?>
<!-- Generated by org.testng.reporters.JUnitReportReporter -->
<testsuite hostname="DESKTOP-5TKH0C5" failures="0" tests="2" name="testng.ParameterTestng" time="32.840" errors="0" timestamp="2024-01-24T21:57:33 IST" skipped="0">
  <testcase classname="testng.ParameterTestng" name="login" time="9.957"/>
  <system-out/>
  <testcase classname="testng.ParameterTestng" name="login2" time="22.883"/>
  <system-out/>
</testsuite> <!-- testng.ParameterTestng -->
