<?xml version="1.0" encoding="UTF-8"?>
<!-- Generated by org.testng.reporters.JUnitReportReporter -->
<testsuite hostname="DESKTOP-5TKH0C5" failures="0" tests="4" name="testng.TestngDemo" time="0.034" errors="0" timestamp="2024-01-24T22:35:15 IST" skipped="0">
  <testcase classname="testng.TestngDemo" name="dashboard" time="0.004"/>
  <system-out/>
  <testcase classname="testng.TestngDemo" name="loginpage" time="0.022"/>
  <system-out/>
  <testcase classname="testng.TestngDemo" name="homepage" time="0.006"/>
  <system-out/>
  <testcase classname="testng.TestngDemo" name="logout" time="0.002"/>
  <system-out/>
</testsuite> <!-- testng.TestngDemo -->
