<?xml version="1.0" encoding="UTF-8"?>
<!-- Generated by org.testng.reporters.JUnitReportReporter -->
<testsuite hostname="DESKTOP-5TKH0C5" failures="0" tests="1" name="testng.SoftAssertionDemo" time="11.231" errors="0" timestamp="2024-01-26T12:21:10 IST" skipped="0">
  <testcase classname="testng.SoftAssertionDemo" name="softassert" time="11.231"/>
  <system-out/>
</testsuite> <!-- testng.SoftAssertionDemo -->
