<?xml version="1.0" encoding="UTF-8"?>
<!-- Generated by org.testng.reporters.JUnitReportReporter -->
<testsuite hostname="DESKTOP-5TKH0C5" failures="0" tests="2" name="testng.ParallelTest" time="25.833" errors="0" timestamp="2024-01-26T12:43:57 IST" skipped="0">
  <testcase classname="testng.ParallelTest" name="login2" time="9.900"/>
  <system-out/>
  <testcase classname="testng.ParallelTest" name="login" time="15.933"/>
  <system-out/>
</testsuite> <!-- testng.ParallelTest -->
