<?xml version="1.0" encoding="UTF-8"?>
<!-- Generated by org.testng.reporters.JUnitReportReporter -->
<testsuite hostname="DESKTOP-5TKH0C5" failures="0" tests="1" name="testng.Orangehrmlogin" time="45.158" errors="0" timestamp="2024-01-26T13:26:39 IST" skipped="0">
  <testcase classname="testng.Orangehrmlogin" name="login" time="45.158"/>
  <system-out/>
</testsuite> <!-- testng.Orangehrmlogin -->
