<?xml version="1.0" encoding="UTF-8"?>
<!-- Generated by org.testng.reporters.JUnitReportReporter -->
<testsuite hostname="DESKTOP-5TKH0C5" failures="0" tests="2" name="pkgdepend.DemoClass" time="0.006" errors="0" timestamp="2024-01-24T22:35:15 IST" skipped="0">
  <testcase classname="pkgdepend.DemoClass" name="school" time="0.002"/>
  <system-out/>
  <testcase classname="pkgdepend.DemoClass" name="college" time="0.004"/>
  <system-out/>
</testsuite> <!-- pkgdepend.DemoClass -->
