<?xml version="1.0" encoding="UTF-8"?>
<!-- Generated by org.testng.reporters.JUnitReportReporter -->
<testsuite hostname="DESKTOP-5TKH0C5" failures="0" tests="3" name="testng.InvocationCountDemo" time="0.029" errors="0" timestamp="2024-01-21T15:58:34 IST" skipped="0">
  <testcase classname="testng.InvocationCountDemo" name="click" time="0.005"/>
  <system-out/>
  <testcase classname="testng.InvocationCountDemo" name="click" time="0.021"/>
  <system-out/>
  <testcase classname="testng.InvocationCountDemo" name="submit" time="0.003"/>
  <system-out/>
</testsuite> <!-- testng.InvocationCountDemo -->
