<?xml version="1.0" encoding="UTF-8"?>
<!-- Generated by org.testng.reporters.JUnitReportReporter -->
<testsuite hostname="DESKTOP-5TKH0C5" failures="0" tests="1" name="testng.TestNGdepensOnDemo" time="0.002" errors="0" timestamp="2024-01-24T22:34:45 IST" skipped="0">
  <testcase classname="testng.TestNGdepensOnDemo" name="menu" time="0.002"/>
  <system-out/>
</testsuite> <!-- testng.TestNGdepensOnDemo -->
