<?xml version="1.0" encoding="UTF-8"?>
<!-- Generated by org.testng.reporters.JUnitReportReporter -->
<testsuite hostname="DESKTOP-5TKH0C5" failures="0" tests="2" name="testng.InclusionandExclusion" time="0.013" errors="0" timestamp="2024-01-24T17:23:01 IST" skipped="0">
  <testcase classname="testng.InclusionandExclusion" name="test1" time="0.010"/>
  <system-out/>
  <testcase classname="testng.InclusionandExclusion" name="test3" time="0.003"/>
  <system-out/>
</testsuite> <!-- testng.InclusionandExclusion -->
