<?xml version="1.0" encoding="UTF-8"?>
<!-- Generated by org.testng.reporters.JUnitReportReporter -->
<testsuite hostname="DESKTOP-5TKH0C5" failures="0" tests="2" name="testng.OrangeHrmLogout" time="19.784" errors="0" timestamp="2024-01-26T13:31:07 IST" skipped="0">
  <testcase classname="testng.OrangeHrmLogout" name="login" time="16.578"/>
  <system-out/>
  <testcase classname="testng.OrangeHrmLogout" name="logut" time="3.206"/>
  <system-out/>
</testsuite> <!-- testng.OrangeHrmLogout -->
